build/app/intermediates/manifest_merge_blame_file/debug/manifest-merger-blame-debug-report.txt
1<?xml version="1.0" encoding="utf-8"?>
2<manifest xmlns:android="http://schemas.android.com/apk/res/android"
3    package="com.panaceasoft.flutterstore"
4    android:versionCode="14"
5    android:versionName="2.0.0" >
6
7    <uses-sdk
8        android:minSdkVersion="21"
9        android:targetSdkVersion="29" />
10    <!--
11         Flutter needs it to communicate with the running application
12         to allow setting breakpoints, to provide hot reload, etc.
13    -->
14    <uses-permission android:name="android.permission.INTERNET" />
14-->src/main/AndroidManifest.xml:8:5-67
14-->src/main/AndroidManifest.xml:8:22-64
15    <uses-permission android:name="android.permission.WRITE_EXTERNAL_STORAGE" />
15-->src/main/AndroidManifest.xml:9:5-81
15-->src/main/AndroidManifest.xml:9:22-78
16    <uses-permission android:name="android.permission.READ_EXTERNAL_STORAGE" />
16-->src/main/AndroidManifest.xml:10:5-80
16-->src/main/AndroidManifest.xml:10:22-77
17    <uses-permission android:name="android.permission.VIBRATE" />
17-->src/main/AndroidManifest.xml:11:5-66
17-->src/main/AndroidManifest.xml:11:22-63
18    <uses-permission android:name="android.permission.RECEIVE_BOOT_COMPLETED" />
18-->src/main/AndroidManifest.xml:12:5-80
18-->src/main/AndroidManifest.xml:12:22-78
19    <uses-permission android:name="android.permission.ACCESS_FINE_LOCATION" />
19-->src/main/AndroidManifest.xml:13:5-79
19-->src/main/AndroidManifest.xml:13:22-76
20    <uses-permission android:name="android.permission.WAKE_LOCK" />
20-->[:firebase_messaging] AndroidManifest.xml:8:5-68
20-->[:firebase_messaging] AndroidManifest.xml:8:22-65
21    <uses-permission android:name="android.permission.ACCESS_NETWORK_STATE" /> <!-- See https://developer.android.com/training/package-visibility/declaring for more details. -->
21-->[:firebase_messaging] AndroidManifest.xml:9:5-79
21-->[:firebase_messaging] AndroidManifest.xml:9:22-76
22    <queries>
22-->[com.stripe:payments-core:16.10.0] AndroidManifest.xml:10:5-14:15
23
24        <!-- Added to check if Chrome is installed for browser-based payment authentication (e.g. 3DS1). -->
25        <package android:name="com.android.chrome" />
25-->[com.stripe:payments-core:16.10.0] AndroidManifest.xml:13:9-54
25-->[com.stripe:payments-core:16.10.0] AndroidManifest.xml:13:18-51
26    </queries> <!-- Required by older versions of Google Play services to create IID tokens -->
27    <uses-permission android:name="com.google.android.c2dm.permission.RECEIVE" />
27-->[com.google.firebase:firebase-iid:21.0.1] AndroidManifest.xml:26:5-82
27-->[com.google.firebase:firebase-iid:21.0.1] AndroidManifest.xml:26:22-79
28    <uses-permission android:name="com.google.android.finsky.permission.BIND_GET_INSTALL_REFERRER_SERVICE" />
28-->[com.google.android.gms:play-services-measurement:18.0.0] AndroidManifest.xml:26:5-110
28-->[com.google.android.gms:play-services-measurement:18.0.0] AndroidManifest.xml:26:22-107
29
30    <uses-feature
30-->[com.google.android.gms:play-services-maps:17.0.0] AndroidManifest.xml:26:5-28:35
31        android:glEsVersion="0x00020000"
31-->[com.google.android.gms:play-services-maps:17.0.0] AndroidManifest.xml:27:9-41
32        android:required="true" /> <!-- Android package visibility setting -->
32-->[com.google.android.gms:play-services-maps:17.0.0] AndroidManifest.xml:28:9-32
33    <queries>
33-->[com.stripe:payments-core:16.10.0] AndroidManifest.xml:10:5-14:15
34
35        <!-- For browser content -->
36        <intent>
37            <action android:name="android.intent.action.VIEW" />
37-->src/main/AndroidManifest.xml:64:17-69
37-->src/main/AndroidManifest.xml:64:25-66
38
39            <category android:name="android.intent.category.BROWSABLE" />
39-->src/main/AndroidManifest.xml:66:17-78
39-->src/main/AndroidManifest.xml:66:27-75
40
41            <data android:scheme="https" />
42        </intent>
43        <!-- End of browser content -->
44    </queries>
45
46    <uses-permission android:name="android.permission.CAMERA" />
46-->[io.card:android-sdk:5.5.1] AndroidManifest.xml:9:5-65
46-->[io.card:android-sdk:5.5.1] AndroidManifest.xml:9:22-62
47
48    <uses-feature
48-->[io.card:android-sdk:5.5.1] AndroidManifest.xml:12:5-14:36
49        android:name="android.hardware.camera"
49-->[io.card:android-sdk:5.5.1] AndroidManifest.xml:13:9-47
50        android:required="false" />
50-->[io.card:android-sdk:5.5.1] AndroidManifest.xml:14:9-33
51    <uses-feature
51-->[io.card:android-sdk:5.5.1] AndroidManifest.xml:15:5-17:36
52        android:name="android.hardware.camera.autofocus"
52-->[io.card:android-sdk:5.5.1] AndroidManifest.xml:16:9-57
53        android:required="false" />
53-->[io.card:android-sdk:5.5.1] AndroidManifest.xml:17:9-33
54    <!--
55 android:name="io.flutter.app.FlutterApplication"
56    android:name="io.flutter.app.FlutterApplication"
57    android:name=".Application"
58    -->
59    <!-- android:requestLegacyExternalStorage="true" -->
60    <application
60-->src/main/AndroidManifest.xml:18:5-95:19
61        android:name="com.panaceasoft.flutterstore.Application"
61-->src/main/AndroidManifest.xml:19:9-36
62        android:appComponentFactory="androidx.core.app.CoreComponentFactory"
62-->[androidx.core:core:1.5.0] AndroidManifest.xml:24:18-86
63        android:debuggable="true"
64        android:icon="@mipmap/ic_launcher"
64-->src/main/AndroidManifest.xml:23:9-43
65        android:label="Flutter Store"
65-->src/main/AndroidManifest.xml:21:9-38
66        android:supportsRtl="true"
66-->[com.facebook.android:facebook-login:5.5.1] AndroidManifest.xml:28:18-44
67        android:usesCleartextTraffic="true" >
67-->src/main/AndroidManifest.xml:22:9-44
68        <activity
68-->src/main/AndroidManifest.xml:24:9-60:20
69            android:name="com.panaceasoft.flutterstore.MainActivity"
69-->src/main/AndroidManifest.xml:25:13-41
70            android:configChanges="orientation|keyboardHidden|keyboard|screenSize|smallestScreenSize|locale|layoutDirection|fontScale|screenLayout|density|uiMode"
70-->src/main/AndroidManifest.xml:28:13-163
71            android:hardwareAccelerated="true"
71-->src/main/AndroidManifest.xml:29:13-47
72            android:launchMode="singleTop"
72-->src/main/AndroidManifest.xml:26:13-43
73            android:theme="@style/LaunchTheme"
73-->src/main/AndroidManifest.xml:27:13-47
74            android:windowSoftInputMode="adjustResize" >
74-->src/main/AndroidManifest.xml:30:13-55
75
76            <!--
77                 This keeps the window background of the activity showing
78                 until Flutter renders its first frame. It can be removed if
79                 there is no splash screen (such as the default splash screen
80                 defined in @style/LaunchTheme).
81            -->
82            <meta-data
82-->src/main/AndroidManifest.xml:35:13-37:40
83                android:name="io.flutter.app.android.SplashScreenUntilFirstFrame"
83-->src/main/AndroidManifest.xml:36:17-82
84                android:value="true" />
84-->src/main/AndroidManifest.xml:37:17-37
85            <meta-data
85-->src/main/AndroidManifest.xml:38:14-41:17
86                android:name="io.flutter.embedding.android.NormalTheme"
86-->src/main/AndroidManifest.xml:39:15-70
87                android:resource="@style/NormalTheme" />
87-->src/main/AndroidManifest.xml:40:15-52
88
89            <!--
90                 Displays an Android View that continues showing the launch screen
91                 Drawable until Flutter paints its first frame, then this splash
92                 screen fades out. A splash screen is useful to avoid any visual
93                 gap between the end of Android's launch screen and the painting of
94                 Flutter's first frame.
95            -->
96            <meta-data
96-->src/main/AndroidManifest.xml:48:13-51:17
97                android:name="io.flutter.embedding.android.SplashScreenDrawable"
97-->src/main/AndroidManifest.xml:49:15-79
98                android:resource="@drawable/launch_background" />
98-->src/main/AndroidManifest.xml:50:15-61
99
100            <intent-filter>
100-->src/main/AndroidManifest.xml:52:13-55:29
101                <action android:name="android.intent.action.MAIN" />
101-->src/main/AndroidManifest.xml:53:17-68
101-->src/main/AndroidManifest.xml:53:25-66
102
103                <category android:name="android.intent.category.LAUNCHER" />
103-->src/main/AndroidManifest.xml:54:17-76
103-->src/main/AndroidManifest.xml:54:27-74
104            </intent-filter>
105            <intent-filter>
105-->src/main/AndroidManifest.xml:56:13-58:29
106                <action android:name="FLUTTER_NOTIFICATION_CLICK" />
106-->src/main/AndroidManifest.xml:57:17-69
106-->src/main/AndroidManifest.xml:57:25-66
107            </intent-filter>
108        </activity>
109        <activity
109-->src/main/AndroidManifest.xml:61:9-69:20
110            android:name="com.braintreepayments.api.BraintreeBrowserSwitchActivity"
110-->src/main/AndroidManifest.xml:61:19-90
111            android:launchMode="singleTask" >
111-->src/main/AndroidManifest.xml:62:13-44
112            <intent-filter>
112-->src/main/AndroidManifest.xml:63:13-68:29
113                <action android:name="android.intent.action.VIEW" />
113-->src/main/AndroidManifest.xml:64:17-69
113-->src/main/AndroidManifest.xml:64:25-66
114
115                <category android:name="android.intent.category.DEFAULT" />
115-->src/main/AndroidManifest.xml:65:17-76
115-->src/main/AndroidManifest.xml:65:27-73
116                <category android:name="android.intent.category.BROWSABLE" />
116-->src/main/AndroidManifest.xml:66:17-78
116-->src/main/AndroidManifest.xml:66:27-75
117
118                <data android:scheme="com.panaceasoft.flutterstore.braintree" />
119            </intent-filter>
120        </activity>
121
122        <meta-data
122-->src/main/AndroidManifest.xml:70:9-71:46
123            android:name="com.facebook.sdk.ApplicationId"
123-->src/main/AndroidManifest.xml:70:20-65
124            android:value="@string/facebook_app_id" />
124-->src/main/AndroidManifest.xml:71:5-44
125        <!-- TOD: Replace with your real AdMob app ID -->
126        <meta-data
126-->src/main/AndroidManifest.xml:73:5-75:66
127            android:name="com.google.android.gms.ads.APPLICATION_ID"
127-->src/main/AndroidManifest.xml:74:13-69
128            android:value="@string/android__admob_ads_id_key" />
128-->src/main/AndroidManifest.xml:75:13-63
129
130        <activity
130-->src/main/AndroidManifest.xml:76:9-79:40
131            android:name="com.facebook.FacebookActivity"
131-->src/main/AndroidManifest.xml:76:19-63
132            android:configChanges="keyboard|keyboardHidden|screenLayout|screenSize|orientation"
132-->src/main/AndroidManifest.xml:77:5-101
133            android:label="@string/app_name"
133-->src/main/AndroidManifest.xml:79:5-37
134            android:theme="@style/com_facebook_activity_theme" />
134-->[com.facebook.android:facebook-common:5.5.1] AndroidManifest.xml:32:13-63
135        <activity
135-->src/main/AndroidManifest.xml:80:9-89:20
136            android:name="com.facebook.CustomTabActivity"
136-->src/main/AndroidManifest.xml:81:13-58
137            android:exported="true" >
137-->src/main/AndroidManifest.xml:82:13-36
138            <intent-filter>
138-->src/main/AndroidManifest.xml:83:13-88:29
139                <action android:name="android.intent.action.VIEW" />
139-->src/main/AndroidManifest.xml:64:17-69
139-->src/main/AndroidManifest.xml:64:25-66
140
141                <category android:name="android.intent.category.DEFAULT" />
141-->src/main/AndroidManifest.xml:65:17-76
141-->src/main/AndroidManifest.xml:65:27-73
142                <category android:name="android.intent.category.BROWSABLE" />
142-->src/main/AndroidManifest.xml:66:17-78
142-->src/main/AndroidManifest.xml:66:27-75
143
144                <data android:scheme="@string/fb_login_protocol_scheme" />
145            </intent-filter>
146        </activity>
147
148        <meta-data
148-->src/main/AndroidManifest.xml:91:9-93:33
149            android:name="flutterEmbedding"
149-->src/main/AndroidManifest.xml:92:13-44
150            android:value="2" />
150-->src/main/AndroidManifest.xml:93:13-30
151
152        <service
152-->[:firebase_database] AndroidManifest.xml:8:9-12:19
153            android:name="com.google.firebase.components.ComponentDiscoveryService"
153-->[:firebase_database] AndroidManifest.xml:8:18-89
154            android:directBootAware="true"
154-->[com.google.firebase:firebase-common:19.5.0] AndroidManifest.xml:35:13-43
155            android:exported="false" >
155-->[com.google.firebase:firebase-messaging:21.0.1] AndroidManifest.xml:38:13-37
156            <meta-data
156-->[:firebase_database] AndroidManifest.xml:9:13-11:85
157                android:name="com.google.firebase.components:io.flutter.plugins.firebase.database.FlutterFirebaseAppRegistrar"
157-->[:firebase_database] AndroidManifest.xml:10:17-127
158                android:value="com.google.firebase.components.ComponentRegistrar" />
158-->[:firebase_database] AndroidManifest.xml:11:17-82
159            <meta-data
159-->[:firebase_messaging] AndroidManifest.xml:34:13-36:85
160                android:name="com.google.firebase.components:io.flutter.plugins.firebase.messaging.FlutterFirebaseAppRegistrar"
160-->[:firebase_messaging] AndroidManifest.xml:35:17-128
161                android:value="com.google.firebase.components.ComponentRegistrar" />
161-->[:firebase_messaging] AndroidManifest.xml:36:17-82
162            <meta-data
162-->[:firebase_auth] AndroidManifest.xml:9:13-11:85
163                android:name="com.google.firebase.components:io.flutter.plugins.firebase.auth.FlutterFirebaseAuthRegistrar"
163-->[:firebase_auth] AndroidManifest.xml:10:17-124
164                android:value="com.google.firebase.components.ComponentRegistrar" />
164-->[:firebase_auth] AndroidManifest.xml:11:17-82
165            <meta-data
165-->[:firebase_core] AndroidManifest.xml:9:13-11:85
166                android:name="com.google.firebase.components:io.flutter.plugins.firebase.core.FlutterFirebaseCoreRegistrar"
166-->[:firebase_core] AndroidManifest.xml:10:17-124
167                android:value="com.google.firebase.components.ComponentRegistrar" />
167-->[:firebase_core] AndroidManifest.xml:11:17-82
168            <meta-data
168-->[:firebase_dynamic_links] AndroidManifest.xml:11:13-13:85
169                android:name="com.google.firebase.components:io.flutter.plugins.firebasedynamiclinks.FlutterFirebaseAppRegistrar"
169-->[:firebase_dynamic_links] AndroidManifest.xml:12:17-130
170                android:value="com.google.firebase.components.ComponentRegistrar" />
170-->[:firebase_dynamic_links] AndroidManifest.xml:13:17-82
171            <meta-data
171-->[com.google.firebase:firebase-messaging:21.0.1] AndroidManifest.xml:39:13-41:85
172                android:name="com.google.firebase.components:com.google.firebase.messaging.FirebaseMessagingRegistrar"
172-->[com.google.firebase:firebase-messaging:21.0.1] AndroidManifest.xml:40:17-119
173                android:value="com.google.firebase.components.ComponentRegistrar" />
173-->[com.google.firebase:firebase-messaging:21.0.1] AndroidManifest.xml:41:17-82
174            <meta-data
174-->[com.google.firebase:firebase-auth:20.0.1] AndroidManifest.xml:77:13-79:85
175                android:name="com.google.firebase.components:com.google.firebase.auth.FirebaseAuthRegistrar"
175-->[com.google.firebase:firebase-auth:20.0.1] AndroidManifest.xml:78:17-109
176                android:value="com.google.firebase.components.ComponentRegistrar" />
176-->[com.google.firebase:firebase-auth:20.0.1] AndroidManifest.xml:79:17-82
177            <meta-data
177-->[com.google.firebase:firebase-dynamic-links:19.1.1] AndroidManifest.xml:11:13-13:85
178                android:name="com.google.firebase.components:com.google.firebase.dynamiclinks.internal.FirebaseDynamicLinkRegistrar"
178-->[com.google.firebase:firebase-dynamic-links:19.1.1] AndroidManifest.xml:12:17-133
179                android:value="com.google.firebase.components.ComponentRegistrar" />
179-->[com.google.firebase:firebase-dynamic-links:19.1.1] AndroidManifest.xml:13:17-82
180            <meta-data
180-->[com.google.firebase:firebase-database:19.6.0] AndroidManifest.xml:32:13-34:85
181                android:name="com.google.firebase.components:com.google.firebase.database.DatabaseRegistrar"
181-->[com.google.firebase:firebase-database:19.6.0] AndroidManifest.xml:33:17-109
182                android:value="com.google.firebase.components.ComponentRegistrar" />
182-->[com.google.firebase:firebase-database:19.6.0] AndroidManifest.xml:34:17-82
183            <meta-data
183-->[com.google.firebase:firebase-datatransport:17.0.10] AndroidManifest.xml:28:13-30:85
184                android:name="com.google.firebase.components:com.google.firebase.datatransport.TransportRegistrar"
184-->[com.google.firebase:firebase-datatransport:17.0.10] AndroidManifest.xml:29:17-115
185                android:value="com.google.firebase.components.ComponentRegistrar" />
185-->[com.google.firebase:firebase-datatransport:17.0.10] AndroidManifest.xml:30:17-82
186            <meta-data
186-->[com.google.firebase:firebase-iid:21.0.1] AndroidManifest.xml:32:13-34:85
187                android:name="com.google.firebase.components:com.google.firebase.iid.Registrar"
187-->[com.google.firebase:firebase-iid:21.0.1] AndroidManifest.xml:33:17-96
188                android:value="com.google.firebase.components.ComponentRegistrar" />
188-->[com.google.firebase:firebase-iid:21.0.1] AndroidManifest.xml:34:17-82
189            <meta-data
189-->[com.google.android.gms:play-services-measurement-api:18.0.0] AndroidManifest.xml:30:13-32:85
190                android:name="com.google.firebase.components:com.google.firebase.analytics.connector.internal.AnalyticsConnectorRegistrar"
190-->[com.google.android.gms:play-services-measurement-api:18.0.0] AndroidManifest.xml:31:17-139
191                android:value="com.google.firebase.components.ComponentRegistrar" />
191-->[com.google.android.gms:play-services-measurement-api:18.0.0] AndroidManifest.xml:32:17-82
192            <meta-data
192-->[com.google.firebase:firebase-installations:16.3.5] AndroidManifest.xml:18:13-20:85
193                android:name="com.google.firebase.components:com.google.firebase.installations.FirebaseInstallationsRegistrar"
193-->[com.google.firebase:firebase-installations:16.3.5] AndroidManifest.xml:19:17-127
194                android:value="com.google.firebase.components.ComponentRegistrar" />
194-->[com.google.firebase:firebase-installations:16.3.5] AndroidManifest.xml:20:17-82
195            <!--
196                This registrar is not defined in the dynamic-module-support sdk itself to allow non-firebase
197                clients to use it as well, by defining this registrar in their own core/common library.
198            -->
199            <meta-data
199-->[com.google.firebase:firebase-common:19.5.0] AndroidManifest.xml:43:13-45:85
200                android:name="com.google.firebase.components:com.google.firebase.dynamicloading.DynamicLoadingRegistrar"
200-->[com.google.firebase:firebase-common:19.5.0] AndroidManifest.xml:44:17-121
201                android:value="com.google.firebase.components.ComponentRegistrar" />
201-->[com.google.firebase:firebase-common:19.5.0] AndroidManifest.xml:45:17-82
202        </service>
203        <service
203-->[:firebase_messaging] AndroidManifest.xml:12:9-15:72
204            android:name="io.flutter.plugins.firebase.messaging.FlutterFirebaseMessagingBackgroundService"
204-->[:firebase_messaging] AndroidManifest.xml:13:13-107
205            android:exported="false"
205-->[:firebase_messaging] AndroidManifest.xml:14:13-37
206            android:permission="android.permission.BIND_JOB_SERVICE" />
206-->[:firebase_messaging] AndroidManifest.xml:15:13-69
207        <service
207-->[:firebase_messaging] AndroidManifest.xml:16:9-22:19
208            android:name="io.flutter.plugins.firebase.messaging.FlutterFirebaseMessagingService"
208-->[:firebase_messaging] AndroidManifest.xml:17:13-97
209            android:exported="false" >
209-->[:firebase_messaging] AndroidManifest.xml:18:13-37
210            <intent-filter>
210-->[:firebase_messaging] AndroidManifest.xml:19:13-21:29
211                <action android:name="com.google.firebase.MESSAGING_EVENT" />
211-->[:firebase_messaging] AndroidManifest.xml:20:17-78
211-->[:firebase_messaging] AndroidManifest.xml:20:25-75
212            </intent-filter>
213        </service>
214
215        <receiver
215-->[:firebase_messaging] AndroidManifest.xml:24:9-31:20
216            android:name="io.flutter.plugins.firebase.messaging.FlutterFirebaseMessagingReceiver"
216-->[:firebase_messaging] AndroidManifest.xml:25:13-98
217            android:exported="true"
217-->[:firebase_messaging] AndroidManifest.xml:26:13-36
218            android:permission="com.google.android.c2dm.permission.SEND" >
218-->[:firebase_messaging] AndroidManifest.xml:27:13-73
219            <intent-filter>
219-->[:firebase_messaging] AndroidManifest.xml:28:13-30:29
220                <action android:name="com.google.android.c2dm.intent.RECEIVE" />
220-->[:firebase_messaging] AndroidManifest.xml:29:17-81
220-->[:firebase_messaging] AndroidManifest.xml:29:25-78
221            </intent-filter>
222        </receiver>
223
224        <provider
224-->[:firebase_messaging] AndroidManifest.xml:39:9-43:38
225            android:name="io.flutter.plugins.firebase.messaging.FlutterFirebaseMessagingInitProvider"
225-->[:firebase_messaging] AndroidManifest.xml:40:13-102
226            android:authorities="com.panaceasoft.flutterstore.flutterfirebasemessaginginitprovider"
226-->[:firebase_messaging] AndroidManifest.xml:41:13-88
227            android:exported="false"
227-->[:firebase_messaging] AndroidManifest.xml:42:13-37
228            android:initOrder="99" />
228-->[:firebase_messaging] AndroidManifest.xml:43:13-35
229        <provider
229-->[:flutter_webview_plugin] AndroidManifest.xml:9:9-18:20
230            android:name="androidx.core.content.FileProvider"
230-->[:flutter_webview_plugin] AndroidManifest.xml:10:13-62
231            android:authorities="com.panaceasoft.flutterstore.fileprovider"
231-->[:flutter_webview_plugin] AndroidManifest.xml:11:13-64
232            android:exported="false"
232-->[:flutter_webview_plugin] AndroidManifest.xml:12:13-37
233            android:grantUriPermissions="true" >
233-->[:flutter_webview_plugin] AndroidManifest.xml:13:13-47
234            <meta-data
234-->[:flutter_webview_plugin] AndroidManifest.xml:15:13-17:53
235                android:name="android.support.FILE_PROVIDER_PATHS"
235-->[:flutter_webview_plugin] AndroidManifest.xml:16:17-67
236                android:resource="@xml/filepaths" />
236-->[:flutter_webview_plugin] AndroidManifest.xml:17:17-50
237        </provider>
238
239        <activity
239-->[:razorpay_flutter] AndroidManifest.xml:8:9-11:20
240            android:name="com.razorpay.CheckoutActivity"
240-->[:razorpay_flutter] AndroidManifest.xml:9:13-57
241            android:configChanges="keyboard|keyboardHidden|orientation|screenSize"
241-->[com.razorpay:checkout:1.6.4] AndroidManifest.xml:20:13-83
242            android:label="Razorpay Checkout"
242-->[:razorpay_flutter] AndroidManifest.xml:10:13-46
243            android:theme="@style/CheckoutTheme" >
243-->[com.razorpay:checkout:1.6.4] AndroidManifest.xml:21:13-49
244            <intent-filter>
244-->[com.razorpay:checkout:1.6.4] AndroidManifest.xml:22:13-28:29
245                <action android:name="android.intent.action.MAIN" />
245-->src/main/AndroidManifest.xml:53:17-68
245-->src/main/AndroidManifest.xml:53:25-66
246
247                <data
248                    android:host="rzp.io"
249                    android:scheme="io.rzp" />
250            </intent-filter>
251        </activity>
252
253        <provider
253-->[:share] AndroidManifest.xml:8:9-16:20
254            android:name="io.flutter.plugins.share.ShareFileProvider"
254-->[:share] AndroidManifest.xml:9:13-70
255            android:authorities="com.panaceasoft.flutterstore.flutter.share_provider"
255-->[:share] AndroidManifest.xml:10:13-74
256            android:exported="false"
256-->[:share] AndroidManifest.xml:11:13-37
257            android:grantUriPermissions="true" >
257-->[:share] AndroidManifest.xml:12:13-47
258            <meta-data
258-->[:flutter_webview_plugin] AndroidManifest.xml:15:13-17:53
259                android:name="android.support.FILE_PROVIDER_PATHS"
259-->[:flutter_webview_plugin] AndroidManifest.xml:16:17-67
260                android:resource="@xml/flutter_share_file_paths" />
260-->[:flutter_webview_plugin] AndroidManifest.xml:17:17-50
261        </provider>
262
263        <activity
263-->[:flutter_paystack] AndroidManifest.xml:10:9-12:54
264            android:name="co.paystack.flutterpaystack.AuthActivity"
264-->[:flutter_paystack] AndroidManifest.xml:11:13-68
265            android:theme="@style/Paystack.Dialog" />
265-->[:flutter_paystack] AndroidManifest.xml:12:13-51
266        <activity
266-->[:url_launcher] AndroidManifest.xml:8:9-11:74
267            android:name="io.flutter.plugins.urllauncher.WebViewActivity"
267-->[:url_launcher] AndroidManifest.xml:9:13-74
268            android:exported="false"
268-->[:url_launcher] AndroidManifest.xml:10:13-37
269            android:theme="@android:style/Theme.NoTitleBar.Fullscreen" />
269-->[:url_launcher] AndroidManifest.xml:11:13-71
270        <activity
270-->[com.stripe:payments-core:16.10.0] AndroidManifest.xml:17:9-19:57
271            android:name="com.stripe.android.view.AddPaymentMethodActivity"
271-->[com.stripe:payments-core:16.10.0] AndroidManifest.xml:18:13-76
272            android:theme="@style/StripeDefaultTheme" />
272-->[com.stripe:payments-core:16.10.0] AndroidManifest.xml:19:13-54
273        <activity
273-->[com.stripe:payments-core:16.10.0] AndroidManifest.xml:20:9-22:57
274            android:name="com.stripe.android.view.PaymentMethodsActivity"
274-->[com.stripe:payments-core:16.10.0] AndroidManifest.xml:21:13-74
275            android:theme="@style/StripeDefaultTheme" />
275-->[com.stripe:payments-core:16.10.0] AndroidManifest.xml:22:13-54
276        <activity
276-->[com.stripe:payments-core:16.10.0] AndroidManifest.xml:23:9-25:57
277            android:name="com.stripe.android.view.PaymentFlowActivity"
277-->[com.stripe:payments-core:16.10.0] AndroidManifest.xml:24:13-71
278            android:theme="@style/StripeDefaultTheme" />
278-->[com.stripe:payments-core:16.10.0] AndroidManifest.xml:25:13-54
279        <activity
279-->[com.stripe:payments-core:16.10.0] AndroidManifest.xml:26:9-29:58
280            android:name="com.stripe.android.view.PaymentAuthWebViewActivity"
280-->[com.stripe:payments-core:16.10.0] AndroidManifest.xml:27:13-78
281            android:theme="@style/StripeDefaultTheme"
281-->[com.stripe:payments-core:16.10.0] AndroidManifest.xml:28:13-54
282            android:windowSoftInputMode="adjustResize" />
282-->[com.stripe:payments-core:16.10.0] AndroidManifest.xml:29:13-55
283        <activity
283-->[com.stripe:payments-core:16.10.0] AndroidManifest.xml:30:9-32:61
284            android:name="com.stripe.android.view.PaymentRelayActivity"
284-->[com.stripe:payments-core:16.10.0] AndroidManifest.xml:31:13-72
285            android:theme="@style/StripeTransparentTheme" />
285-->[com.stripe:payments-core:16.10.0] AndroidManifest.xml:32:13-58
286        <!--
287        Set android:launchMode="singleTop" so that the StripeBrowserLauncherActivity instance that
288        launched the browser Activity will also handle the return URL deep link.
289        -->
290        <activity
290-->[com.stripe:payments-core:16.10.0] AndroidManifest.xml:38:9-54:20
291            android:name="com.stripe.android.payments.StripeBrowserLauncherActivity"
291-->[com.stripe:payments-core:16.10.0] AndroidManifest.xml:39:13-85
292            android:launchMode="singleTop"
292-->[com.stripe:payments-core:16.10.0] AndroidManifest.xml:40:13-43
293            android:theme="@style/StripeTransparentTheme" >
293-->[com.stripe:payments-core:16.10.0] AndroidManifest.xml:41:13-58
294            <intent-filter>
294-->[com.stripe:payments-core:16.10.0] AndroidManifest.xml:42:13-53:29
295                <action android:name="android.intent.action.VIEW" />
295-->src/main/AndroidManifest.xml:64:17-69
295-->src/main/AndroidManifest.xml:64:25-66
296
297                <category android:name="android.intent.category.DEFAULT" />
297-->src/main/AndroidManifest.xml:65:17-76
297-->src/main/AndroidManifest.xml:65:27-73
298                <category android:name="android.intent.category.BROWSABLE" />
298-->src/main/AndroidManifest.xml:66:17-78
298-->src/main/AndroidManifest.xml:66:27-75
299
300                <!-- Must match `DefaultReturnUrl#value`. -->
301                <data
302                    android:host="payment_return_url"
303                    android:path="/com.panaceasoft.flutterstore"
304                    android:scheme="stripesdk" />
305            </intent-filter>
306        </activity>
307        <activity
307-->[com.stripe:payments-core:16.10.0] AndroidManifest.xml:55:9-57:57
308            android:name="com.stripe.android.view.Stripe3ds2CompletionActivity"
308-->[com.stripe:payments-core:16.10.0] AndroidManifest.xml:56:13-80
309            android:theme="@style/StripeDefaultTheme" />
309-->[com.stripe:payments-core:16.10.0] AndroidManifest.xml:57:13-54
310        <activity
310-->[com.stripe:payments-core:16.10.0] AndroidManifest.xml:58:9-60:69
311            android:name="com.stripe.android.paymentsheet.PaymentSheetActivity"
311-->[com.stripe:payments-core:16.10.0] AndroidManifest.xml:59:13-80
312            android:theme="@style/StripePaymentSheetDefaultTheme" />
312-->[com.stripe:payments-core:16.10.0] AndroidManifest.xml:60:13-66